2017-12-18 19:43:13,911 DEBUG [Forwarding newSession on session null to remote] RequestAddCookies:122 - CookieSpec selected: default
2017-12-18 19:43:13,924 DEBUG [Forwarding newSession on session null to remote] RequestAuthCache:76 - Auth cache not set in the context
2017-12-18 19:43:13,926 DEBUG [Forwarding newSession on session null to remote] PoolingHttpClientConnectionManager:249 - Connection request: [route: {}->http://localhost:35805][total kept alive: 0; route allocated: 0 of 2000; total allocated: 0 of 2000]
2017-12-18 19:43:13,941 DEBUG [Forwarding newSession on session null to remote] PoolingHttpClientConnectionManager:282 - Connection leased: [id: 0][route: {}->http://localhost:35805][total kept alive: 0; route allocated: 1 of 2000; total allocated: 1 of 2000]
2017-12-18 19:43:13,943 DEBUG [Forwarding newSession on session null to remote] MainClientExec:234 - Opening connection {}->http://localhost:35805
2017-12-18 19:43:13,945 DEBUG [Forwarding newSession on session null to remote] DefaultHttpClientConnectionOperator:131 - Connecting to localhost/127.0.0.1:35805
2017-12-18 19:43:13,947 DEBUG [Forwarding newSession on session null to remote] DefaultHttpClientConnectionOperator:138 - Connection established 127.0.0.1:50678<->127.0.0.1:35805
2017-12-18 19:43:13,949 DEBUG [Forwarding newSession on session null to remote] DefaultManagedHttpClientConnection:90 - http-outgoing-0: set socket timeout to 10800000
2017-12-18 19:43:13,950 DEBUG [Forwarding newSession on session null to remote] MainClientExec:255 - Executing request POST /session HTTP/1.1
2017-12-18 19:43:13,950 DEBUG [Forwarding newSession on session null to remote] MainClientExec:260 - Target auth state: UNCHALLENGED
2017-12-18 19:43:13,952 DEBUG [Forwarding newSession on session null to remote] MainClientExec:266 - Proxy auth state: UNCHALLENGED
2017-12-18 19:43:13,954 DEBUG [Forwarding newSession on session null to remote] headers:135 - http-outgoing-0 >> POST /session HTTP/1.1
2017-12-18 19:43:13,955 DEBUG [Forwarding newSession on session null to remote] headers:138 - http-outgoing-0 >> Content-Type: application/json; charset=utf-8
2017-12-18 19:43:13,956 DEBUG [Forwarding newSession on session null to remote] headers:138 - http-outgoing-0 >> Content-Length: 186
2017-12-18 19:43:13,956 DEBUG [Forwarding newSession on session null to remote] headers:138 - http-outgoing-0 >> Host: localhost:35805
2017-12-18 19:43:13,956 DEBUG [Forwarding newSession on session null to remote] headers:138 - http-outgoing-0 >> Connection: Keep-Alive
2017-12-18 19:43:13,958 DEBUG [Forwarding newSession on session null to remote] headers:138 - http-outgoing-0 >> User-Agent: Apache-HttpClient/4.5.1 (Java/1.8.0_122-ea)
2017-12-18 19:43:13,958 DEBUG [Forwarding newSession on session null to remote] headers:138 - http-outgoing-0 >> Accept-Encoding: gzip,deflate
2017-12-18 19:43:13,959 DEBUG [Forwarding newSession on session null to remote] wire:72 - http-outgoing-0 >> "POST /session HTTP/1.1[\r][\n]"
2017-12-18 19:43:13,960 DEBUG [Forwarding newSession on session null to remote] wire:72 - http-outgoing-0 >> "Content-Type: application/json; charset=utf-8[\r][\n]"
2017-12-18 19:43:13,960 DEBUG [Forwarding newSession on session null to remote] wire:72 - http-outgoing-0 >> "Content-Length: 186[\r][\n]"
2017-12-18 19:43:13,961 DEBUG [Forwarding newSession on session null to remote] wire:72 - http-outgoing-0 >> "Host: localhost:35805[\r][\n]"
2017-12-18 19:43:13,961 DEBUG [Forwarding newSession on session null to remote] wire:72 - http-outgoing-0 >> "Connection: Keep-Alive[\r][\n]"
2017-12-18 19:43:13,961 DEBUG [Forwarding newSession on session null to remote] wire:72 - http-outgoing-0 >> "User-Agent: Apache-HttpClient/4.5.1 (Java/1.8.0_122-ea)[\r][\n]"
2017-12-18 19:43:13,962 DEBUG [Forwarding newSession on session null to remote] wire:72 - http-outgoing-0 >> "Accept-Encoding: gzip,deflate[\r][\n]"
2017-12-18 19:43:13,962 DEBUG [Forwarding newSession on session null to remote] wire:72 - http-outgoing-0 >> "[\r][\n]"
2017-12-18 19:43:13,963 DEBUG [Forwarding newSession on session null to remote] wire:86 - http-outgoing-0 >> "{"desiredCapabilities":{"operaOptions":{"args":[],"extensions":[],"binary":"C:\\Program Files\\Opera\\49.0.2725.47\\opera.exe"},"browserName":"operablink","version":"","platform":"ANY"}}"
2017-12-18 19:43:15,366 DEBUG [Forwarding newSession on session null to remote] wire:72 - http-outgoing-0 << "HTTP/1.1 200 OK[\r][\n]"
2017-12-18 19:43:15,368 DEBUG [Forwarding newSession on session null to remote] wire:72 - http-outgoing-0 << "Content-Length:751[\r][\n]"
2017-12-18 19:43:15,371 DEBUG [Forwarding newSession on session null to remote] wire:72 - http-outgoing-0 << "Content-Type:application/json; charset=utf-8[\r][\n]"
2017-12-18 19:43:15,374 DEBUG [Forwarding newSession on session null to remote] wire:72 - http-outgoing-0 << "Connection:close[\r][\n]"
2017-12-18 19:43:15,375 DEBUG [Forwarding newSession on session null to remote] wire:72 - http-outgoing-0 << "[\r][\n]"
2017-12-18 19:43:15,376 DEBUG [Forwarding newSession on session null to remote] wire:86 - http-outgoing-0 << "{"sessionId":"ce76fa10b9a0311164c2e04b6ef01cc0","status":0,"value":{"acceptSslCerts":true,"applicationCacheEnabled":false,"browserConnectionEnabled":false,"browserName":"chrome","chrome":{"chromedriverVersion":"2.30","userDataDir":"C:\\Users\\parth.c\\AppData\\Local\\Temp\\scoped_dir2444_17429"},"cssSelectorsEnabled":true,"databaseEnabled":false,"handlesAlerts":true,"hasTouchScreen":false,"javascriptEnabled":true,"locationContextEnabled":true,"mobileEmulationEnabled":false,"nativeEvents":true,"networkConnectionEnabled":false,"pageLoadStrategy":"normal","platform":"Windows NT","rotatable":false,"setWindowRect":true,"takesHeapSnapshot":true,"takesScreenshot":true,"unexpectedAlertBehaviour":"","version":"62.0.3202.89","webStorageEnabled":true}}"
2017-12-18 19:43:15,383 DEBUG [Forwarding newSession on session null to remote] headers:124 - http-outgoing-0 << HTTP/1.1 200 OK
2017-12-18 19:43:15,383 DEBUG [Forwarding newSession on session null to remote] headers:127 - http-outgoing-0 << Content-Length:751
2017-12-18 19:43:15,383 DEBUG [Forwarding newSession on session null to remote] headers:127 - http-outgoing-0 << Content-Type:application/json; charset=utf-8
2017-12-18 19:43:15,383 DEBUG [Forwarding newSession on session null to remote] headers:127 - http-outgoing-0 << Connection:close
2017-12-18 19:43:15,419 DEBUG [Forwarding newSession on session null to remote] DefaultManagedHttpClientConnection:81 - http-outgoing-0: Close connection
2017-12-18 19:43:15,420 DEBUG [Forwarding newSession on session null to remote] MainClientExec:103 - Connection discarded
2017-12-18 19:43:15,423 DEBUG [Forwarding newSession on session null to remote] PoolingHttpClientConnectionManager:320 - Connection released: [id: 0][route: {}->http://localhost:35805][total kept alive: 0; route allocated: 0 of 2000; total allocated: 0 of 2000]
2017-12-18 19:43:15,545 DEBUG [Forwarding maximizeWindow on session ce76fa10b9a0311164c2e04b6ef01cc0 to remote] RequestAddCookies:122 - CookieSpec selected: default
2017-12-18 19:43:15,545 DEBUG [Forwarding maximizeWindow on session ce76fa10b9a0311164c2e04b6ef01cc0 to remote] RequestAuthCache:76 - Auth cache not set in the context
2017-12-18 19:43:15,545 DEBUG [Forwarding maximizeWindow on session ce76fa10b9a0311164c2e04b6ef01cc0 to remote] PoolingHttpClientConnectionManager:249 - Connection request: [route: {}->http://localhost:35805][total kept alive: 0; route allocated: 0 of 2000; total allocated: 0 of 2000]
2017-12-18 19:43:15,570 DEBUG [Forwarding maximizeWindow on session ce76fa10b9a0311164c2e04b6ef01cc0 to remote] PoolingHttpClientConnectionManager:282 - Connection leased: [id: 1][route: {}->http://localhost:35805][total kept alive: 0; route allocated: 1 of 2000; total allocated: 1 of 2000]
2017-12-18 19:43:15,570 DEBUG [Forwarding maximizeWindow on session ce76fa10b9a0311164c2e04b6ef01cc0 to remote] MainClientExec:234 - Opening connection {}->http://localhost:35805
2017-12-18 19:43:15,570 DEBUG [Forwarding maximizeWindow on session ce76fa10b9a0311164c2e04b6ef01cc0 to remote] DefaultHttpClientConnectionOperator:131 - Connecting to localhost/127.0.0.1:35805
2017-12-18 19:43:15,570 DEBUG [Forwarding maximizeWindow on session ce76fa10b9a0311164c2e04b6ef01cc0 to remote] DefaultHttpClientConnectionOperator:138 - Connection established 127.0.0.1:50686<->127.0.0.1:35805
2017-12-18 19:43:15,570 DEBUG [Forwarding maximizeWindow on session ce76fa10b9a0311164c2e04b6ef01cc0 to remote] DefaultManagedHttpClientConnection:90 - http-outgoing-1: set socket timeout to 10800000
2017-12-18 19:43:15,570 DEBUG [Forwarding maximizeWindow on session ce76fa10b9a0311164c2e04b6ef01cc0 to remote] MainClientExec:255 - Executing request POST /session/ce76fa10b9a0311164c2e04b6ef01cc0/window/current/maximize HTTP/1.1
2017-12-18 19:43:15,570 DEBUG [Forwarding maximizeWindow on session ce76fa10b9a0311164c2e04b6ef01cc0 to remote] MainClientExec:260 - Target auth state: UNCHALLENGED
2017-12-18 19:43:15,570 DEBUG [Forwarding maximizeWindow on session ce76fa10b9a0311164c2e04b6ef01cc0 to remote] MainClientExec:266 - Proxy auth state: UNCHALLENGED
2017-12-18 19:43:15,570 DEBUG [Forwarding maximizeWindow on session ce76fa10b9a0311164c2e04b6ef01cc0 to remote] headers:135 - http-outgoing-1 >> POST /session/ce76fa10b9a0311164c2e04b6ef01cc0/window/current/maximize HTTP/1.1
2017-12-18 19:43:15,570 DEBUG [Forwarding maximizeWindow on session ce76fa10b9a0311164c2e04b6ef01cc0 to remote] headers:138 - http-outgoing-1 >> Content-Type: application/json; charset=utf-8
2017-12-18 19:43:15,570 DEBUG [Forwarding maximizeWindow on session ce76fa10b9a0311164c2e04b6ef01cc0 to remote] headers:138 - http-outgoing-1 >> Content-Length: 26
2017-12-18 19:43:15,570 DEBUG [Forwarding maximizeWindow on session ce76fa10b9a0311164c2e04b6ef01cc0 to remote] headers:138 - http-outgoing-1 >> Host: localhost:35805
2017-12-18 19:43:15,570 DEBUG [Forwarding maximizeWindow on session ce76fa10b9a0311164c2e04b6ef01cc0 to remote] headers:138 - http-outgoing-1 >> Connection: Keep-Alive
2017-12-18 19:43:15,570 DEBUG [Forwarding maximizeWindow on session ce76fa10b9a0311164c2e04b6ef01cc0 to remote] headers:138 - http-outgoing-1 >> User-Agent: Apache-HttpClient/4.5.1 (Java/1.8.0_122-ea)
2017-12-18 19:43:15,570 DEBUG [Forwarding maximizeWindow on session ce76fa10b9a0311164c2e04b6ef01cc0 to remote] headers:138 - http-outgoing-1 >> Accept-Encoding: gzip,deflate
2017-12-18 19:43:15,570 DEBUG [Forwarding maximizeWindow on session ce76fa10b9a0311164c2e04b6ef01cc0 to remote] wire:72 - http-outgoing-1 >> "POST /session/ce76fa10b9a0311164c2e04b6ef01cc0/window/current/maximize HTTP/1.1[\r][\n]"
2017-12-18 19:43:15,570 DEBUG [Forwarding maximizeWindow on session ce76fa10b9a0311164c2e04b6ef01cc0 to remote] wire:72 - http-outgoing-1 >> "Content-Type: application/json; charset=utf-8[\r][\n]"
2017-12-18 19:43:15,570 DEBUG [Forwarding maximizeWindow on session ce76fa10b9a0311164c2e04b6ef01cc0 to remote] wire:72 - http-outgoing-1 >> "Content-Length: 26[\r][\n]"
2017-12-18 19:43:15,570 DEBUG [Forwarding maximizeWindow on session ce76fa10b9a0311164c2e04b6ef01cc0 to remote] wire:72 - http-outgoing-1 >> "Host: localhost:35805[\r][\n]"
2017-12-18 19:43:15,570 DEBUG [Forwarding maximizeWindow on session ce76fa10b9a0311164c2e04b6ef01cc0 to remote] wire:72 - http-outgoing-1 >> "Connection: Keep-Alive[\r][\n]"
2017-12-18 19:43:15,570 DEBUG [Forwarding maximizeWindow on session ce76fa10b9a0311164c2e04b6ef01cc0 to remote] wire:72 - http-outgoing-1 >> "User-Agent: Apache-HttpClient/4.5.1 (Java/1.8.0_122-ea)[\r][\n]"
2017-12-18 19:43:15,570 DEBUG [Forwarding maximizeWindow on session ce76fa10b9a0311164c2e04b6ef01cc0 to remote] wire:72 - http-outgoing-1 >> "Accept-Encoding: gzip,deflate[\r][\n]"
2017-12-18 19:43:15,570 DEBUG [Forwarding maximizeWindow on session ce76fa10b9a0311164c2e04b6ef01cc0 to remote] wire:72 - http-outgoing-1 >> "[\r][\n]"
2017-12-18 19:43:15,570 DEBUG [Forwarding maximizeWindow on session ce76fa10b9a0311164c2e04b6ef01cc0 to remote] wire:86 - http-outgoing-1 >> "{"windowHandle":"current"}"
2017-12-18 19:43:15,620 DEBUG [Forwarding maximizeWindow on session ce76fa10b9a0311164c2e04b6ef01cc0 to remote] wire:72 - http-outgoing-1 << "HTTP/1.1 200 OK[\r][\n]"
2017-12-18 19:43:15,620 DEBUG [Forwarding maximizeWindow on session ce76fa10b9a0311164c2e04b6ef01cc0 to remote] wire:72 - http-outgoing-1 << "Content-Length:260[\r][\n]"
2017-12-18 19:43:15,620 DEBUG [Forwarding maximizeWindow on session ce76fa10b9a0311164c2e04b6ef01cc0 to remote] wire:72 - http-outgoing-1 << "Content-Type:application/json; charset=utf-8[\r][\n]"
2017-12-18 19:43:15,620 DEBUG [Forwarding maximizeWindow on session ce76fa10b9a0311164c2e04b6ef01cc0 to remote] wire:72 - http-outgoing-1 << "Connection:close[\r][\n]"
2017-12-18 19:43:15,622 DEBUG [Forwarding maximizeWindow on session ce76fa10b9a0311164c2e04b6ef01cc0 to remote] wire:72 - http-outgoing-1 << "[\r][\n]"
2017-12-18 19:43:15,623 DEBUG [Forwarding maximizeWindow on session ce76fa10b9a0311164c2e04b6ef01cc0 to remote] wire:86 - http-outgoing-1 << "{"sessionId":"ce76fa10b9a0311164c2e04b6ef01cc0","status":102,"value":{"message":"disconnected: unable to connect to renderer\n  (Session info: chrome with embedded Chromium 62.0.3202.89)\n  (Driver info: OperaDriver=2.30,platform=Windows NT 6.2.9200 x86_64)"}}"
2017-12-18 19:43:15,623 DEBUG [Forwarding maximizeWindow on session ce76fa10b9a0311164c2e04b6ef01cc0 to remote] headers:124 - http-outgoing-1 << HTTP/1.1 200 OK
2017-12-18 19:43:15,623 DEBUG [Forwarding maximizeWindow on session ce76fa10b9a0311164c2e04b6ef01cc0 to remote] headers:127 - http-outgoing-1 << Content-Length:260
2017-12-18 19:43:15,624 DEBUG [Forwarding maximizeWindow on session ce76fa10b9a0311164c2e04b6ef01cc0 to remote] headers:127 - http-outgoing-1 << Content-Type:application/json; charset=utf-8
2017-12-18 19:43:15,624 DEBUG [Forwarding maximizeWindow on session ce76fa10b9a0311164c2e04b6ef01cc0 to remote] headers:127 - http-outgoing-1 << Connection:close
2017-12-18 19:43:15,625 DEBUG [Forwarding maximizeWindow on session ce76fa10b9a0311164c2e04b6ef01cc0 to remote] DefaultManagedHttpClientConnection:81 - http-outgoing-1: Close connection
2017-12-18 19:43:15,625 DEBUG [Forwarding maximizeWindow on session ce76fa10b9a0311164c2e04b6ef01cc0 to remote] MainClientExec:103 - Connection discarded
2017-12-18 19:43:15,626 DEBUG [Forwarding maximizeWindow on session ce76fa10b9a0311164c2e04b6ef01cc0 to remote] PoolingHttpClientConnectionManager:320 - Connection released: [id: 1][route: {}->http://localhost:35805][total kept alive: 0; route allocated: 0 of 2000; total allocated: 0 of 2000]
2017-12-18 19:43:16,537 DEBUG [main] cache:45 - Couldn't find template in cache for "Extent.ftl"("en_US", UTF-8, parsed); will try to load it.
2017-12-18 19:43:16,543 DEBUG [main] cache:45 - TemplateLoader.findTemplateSource("Extent_en_US.ftl"): Not found
2017-12-18 19:43:16,547 DEBUG [main] cache:45 - TemplateLoader.findTemplateSource("Extent_en.ftl"): Not found
2017-12-18 19:43:16,547 DEBUG [main] cache:45 - TemplateLoader.findTemplateSource("Extent.ftl"): Found
2017-12-18 19:43:16,562 DEBUG [main] cache:45 - Loading template for "Extent.ftl"("en_US", UTF-8, parsed) from "jar:file:/C:/Users/parth.c/.m2/repository/com/relevantcodes/extentreports/2.41.2/extentreports-2.41.2.jar!/com/relevantcodes/extentreports/view/Extent.ftl"
2017-12-18 19:43:17,251 DEBUG [main] cache:45 - Couldn't find template in cache for "Extent.ftl"("en_US", UTF-8, parsed); will try to load it.
2017-12-18 19:43:17,251 DEBUG [main] cache:45 - TemplateLoader.findTemplateSource("Extent_en_US.ftl"): Not found
2017-12-18 19:43:17,252 DEBUG [main] cache:45 - TemplateLoader.findTemplateSource("Extent_en.ftl"): Not found
2017-12-18 19:43:17,252 DEBUG [main] cache:45 - TemplateLoader.findTemplateSource("Extent.ftl"): Found
2017-12-18 19:43:17,252 DEBUG [main] cache:45 - Loading template for "Extent.ftl"("en_US", UTF-8, parsed) from "jar:file:/C:/Users/parth.c/.m2/repository/com/relevantcodes/extentreports/2.41.2/extentreports-2.41.2.jar!/com/relevantcodes/extentreports/view/Extent.ftl"
