01-04-2018 20:25:13 TestBase.java DEBUG [main] devpinoyLogger 40 - Initializing Constructor Of The Base Class 
01-04-2018 20:25:14 TestBase.java DEBUG [main] devpinoyLogger 40 - Initializing Constructor Of The Base Class 
01-04-2018 20:25:14 TestBase.java DEBUG [main] devpinoyLogger 40 - Initializing Constructor Of The Base Class 
01-04-2018 20:25:14 TestBase.java DEBUG [main] devpinoyLogger 40 - Initializing Constructor Of The Base Class 
01-04-2018 20:25:14 TestBase.java DEBUG [main] devpinoyLogger 40 - Initializing Constructor Of The Base Class 
01-04-2018 20:25:14 TestBase.java DEBUG [main] devpinoyLogger 40 - Initializing Constructor Of The Base Class 
01-04-2018 20:25:14 LoginPageTest.java DEBUG [main] devpinoyLogger 29 - Before Method Starts ....
01-04-2018 20:25:14 TestBase.java DEBUG [main] devpinoyLogger 59 - Envirnoment Initilization ......
01-04-2018 20:25:14 TestBase.java DEBUG [main] devpinoyLogger 60 - Initializing Web Driver For Browser : FF
01-04-2018 20:25:14 TestBase.java DEBUG [main] devpinoyLogger 63 - Inside FF Driver
01-04-2018 20:26:11 TestBase.java DEBUG [main] devpinoyLogger 40 - Initializing Constructor Of The Base Class 
01-04-2018 20:26:11 TestBase.java DEBUG [main] devpinoyLogger 87 - Registering the Event Firing Web Driver with the Listener 
01-04-2018 20:26:11 TestBase.java DEBUG [main] devpinoyLogger 93 - Envirnoment Initilization Finished ......
01-04-2018 20:26:11 TestBase.java DEBUG [main] devpinoyLogger 95 - Launching Web URL
01-04-2018 20:26:11 WebDriverEventListener.java DEBUG [main] devpinoyLogger 83 - Navigating To URL : https://www.freecrm.com/index.html
01-04-2018 20:26:31 TestBase.java DEBUG [main] devpinoyLogger 40 - Initializing Constructor Of The Base Class 
01-04-2018 20:26:31 LoginPageTest.java DEBUG [main] devpinoyLogger 29 - Before Method Starts ....
01-04-2018 20:26:31 TestBase.java DEBUG [main] devpinoyLogger 59 - Envirnoment Initilization ......
01-04-2018 20:26:31 TestBase.java DEBUG [main] devpinoyLogger 60 - Initializing Web Driver For Browser : FF
01-04-2018 20:26:31 TestBase.java DEBUG [main] devpinoyLogger 63 - Inside FF Driver
01-04-2018 20:26:51 TestBase.java DEBUG [main] devpinoyLogger 40 - Initializing Constructor Of The Base Class 
01-04-2018 20:26:51 TestBase.java DEBUG [main] devpinoyLogger 87 - Registering the Event Firing Web Driver with the Listener 
01-04-2018 20:26:53 TestBase.java DEBUG [main] devpinoyLogger 93 - Envirnoment Initilization Finished ......
01-04-2018 20:26:53 TestBase.java DEBUG [main] devpinoyLogger 95 - Launching Web URL
01-04-2018 20:26:53 WebDriverEventListener.java DEBUG [main] devpinoyLogger 83 - Navigating To URL : https://www.freecrm.com/index.html
01-04-2018 20:27:07 TestBase.java DEBUG [main] devpinoyLogger 40 - Initializing Constructor Of The Base Class 
01-04-2018 20:27:11 TestBase.java DEBUG [main] devpinoyLogger 100 - Getting Web Driver Instance
01-04-2018 20:27:11 LoginPageTest.java DEBUG [main] devpinoyLogger 55 - After Methods ends ...
01-04-2018 20:27:11 LoginPageTest.java DEBUG [main] devpinoyLogger 29 - Before Method Starts ....
01-04-2018 20:27:11 TestBase.java DEBUG [main] devpinoyLogger 59 - Envirnoment Initilization ......
01-04-2018 20:27:11 TestBase.java DEBUG [main] devpinoyLogger 60 - Initializing Web Driver For Browser : FF
01-04-2018 20:27:11 TestBase.java DEBUG [main] devpinoyLogger 63 - Inside FF Driver
01-04-2018 20:27:21 TestBase.java DEBUG [main] devpinoyLogger 40 - Initializing Constructor Of The Base Class 
01-04-2018 20:27:21 TestBase.java DEBUG [main] devpinoyLogger 87 - Registering the Event Firing Web Driver with the Listener 
01-04-2018 20:27:21 TestBase.java DEBUG [main] devpinoyLogger 93 - Envirnoment Initilization Finished ......
01-04-2018 20:27:21 TestBase.java DEBUG [main] devpinoyLogger 95 - Launching Web URL
01-04-2018 20:27:21 WebDriverEventListener.java DEBUG [main] devpinoyLogger 83 - Navigating To URL : https://www.freecrm.com/index.html
01-04-2018 20:27:34 TestBase.java DEBUG [main] devpinoyLogger 40 - Initializing Constructor Of The Base Class 
01-04-2018 20:27:37 TestBase.java DEBUG [main] devpinoyLogger 100 - Getting Web Driver Instance
01-04-2018 20:27:37 LoginPageTest.java DEBUG [main] devpinoyLogger 55 - After Methods ends ...
01-04-2018 20:27:37 LoginPageTest.java DEBUG [main] devpinoyLogger 29 - Before Method Starts ....
01-04-2018 20:27:37 TestBase.java DEBUG [main] devpinoyLogger 59 - Envirnoment Initilization ......
01-04-2018 20:27:37 TestBase.java DEBUG [main] devpinoyLogger 60 - Initializing Web Driver For Browser : FF
01-04-2018 20:27:37 TestBase.java DEBUG [main] devpinoyLogger 63 - Inside FF Driver
01-04-2018 20:27:46 TestBase.java DEBUG [main] devpinoyLogger 40 - Initializing Constructor Of The Base Class 
01-04-2018 20:27:46 TestBase.java DEBUG [main] devpinoyLogger 87 - Registering the Event Firing Web Driver with the Listener 
01-04-2018 20:27:47 TestBase.java DEBUG [main] devpinoyLogger 93 - Envirnoment Initilization Finished ......
01-04-2018 20:27:47 TestBase.java DEBUG [main] devpinoyLogger 95 - Launching Web URL
01-04-2018 20:27:47 WebDriverEventListener.java DEBUG [main] devpinoyLogger 83 - Navigating To URL : https://www.freecrm.com/index.html
01-04-2018 20:27:58 TestBase.java DEBUG [main] devpinoyLogger 40 - Initializing Constructor Of The Base Class 
01-04-2018 20:27:58 LoginPage.java DEBUG [main] devpinoyLogger 46 - Inside Login Method
01-04-2018 20:28:04 WebDriverEventListener.java DEBUG [main] devpinoyLogger 57 - Clicking on the Web Element : [[FirefoxDriver: firefox on WINDOWS (3cbfb03c-bd75-476a-8a58-731e93f24a0e)] -> xpath: //input[@type='submit']]
01-04-2018 20:28:25 TestBase.java DEBUG [main] devpinoyLogger 40 - Initializing Constructor Of The Base Class 
01-04-2018 20:28:28 TestBase.java DEBUG [main] devpinoyLogger 100 - Getting Web Driver Instance
01-04-2018 20:28:28 LoginPageTest.java DEBUG [main] devpinoyLogger 55 - After Methods ends ...
01-04-2018 20:28:29 LoginPageTest.java DEBUG [main] devpinoyLogger 29 - Before Method Starts ....
01-04-2018 20:28:29 TestBase.java DEBUG [main] devpinoyLogger 59 - Envirnoment Initilization ......
01-04-2018 20:28:29 TestBase.java DEBUG [main] devpinoyLogger 60 - Initializing Web Driver For Browser : chrome
01-04-2018 20:28:37 TestBase.java DEBUG [main] devpinoyLogger 40 - Initializing Constructor Of The Base Class 
01-04-2018 20:28:37 TestBase.java DEBUG [main] devpinoyLogger 87 - Registering the Event Firing Web Driver with the Listener 
01-04-2018 20:28:37 TestBase.java DEBUG [main] devpinoyLogger 93 - Envirnoment Initilization Finished ......
01-04-2018 20:28:37 TestBase.java DEBUG [main] devpinoyLogger 95 - Launching Web URL
01-04-2018 20:28:37 WebDriverEventListener.java DEBUG [main] devpinoyLogger 83 - Navigating To URL : https://www.freecrm.com/index.html
01-04-2018 20:28:49 TestBase.java DEBUG [main] devpinoyLogger 40 - Initializing Constructor Of The Base Class 
01-04-2018 20:28:49 LoginPageTest.java DEBUG [main] devpinoyLogger 29 - Before Method Starts ....
01-04-2018 20:28:49 TestBase.java DEBUG [main] devpinoyLogger 59 - Envirnoment Initilization ......
01-04-2018 20:28:49 TestBase.java DEBUG [main] devpinoyLogger 60 - Initializing Web Driver For Browser : chrome
01-04-2018 20:28:51 TestBase.java DEBUG [main] devpinoyLogger 40 - Initializing Constructor Of The Base Class 
01-04-2018 20:28:51 TestBase.java DEBUG [main] devpinoyLogger 87 - Registering the Event Firing Web Driver with the Listener 
01-04-2018 20:28:51 TestBase.java DEBUG [main] devpinoyLogger 93 - Envirnoment Initilization Finished ......
01-04-2018 20:28:51 TestBase.java DEBUG [main] devpinoyLogger 95 - Launching Web URL
01-04-2018 20:28:51 WebDriverEventListener.java DEBUG [main] devpinoyLogger 83 - Navigating To URL : https://www.freecrm.com/index.html
01-04-2018 20:29:02 TestBase.java DEBUG [main] devpinoyLogger 40 - Initializing Constructor Of The Base Class 
01-04-2018 20:29:02 TestBase.java DEBUG [main] devpinoyLogger 100 - Getting Web Driver Instance
01-04-2018 20:29:02 LoginPageTest.java DEBUG [main] devpinoyLogger 55 - After Methods ends ...
01-04-2018 20:29:02 LoginPageTest.java DEBUG [main] devpinoyLogger 29 - Before Method Starts ....
01-04-2018 20:29:02 TestBase.java DEBUG [main] devpinoyLogger 59 - Envirnoment Initilization ......
01-04-2018 20:29:02 TestBase.java DEBUG [main] devpinoyLogger 60 - Initializing Web Driver For Browser : chrome
01-04-2018 20:29:04 TestBase.java DEBUG [main] devpinoyLogger 40 - Initializing Constructor Of The Base Class 
01-04-2018 20:29:04 TestBase.java DEBUG [main] devpinoyLogger 87 - Registering the Event Firing Web Driver with the Listener 
01-04-2018 20:29:04 TestBase.java DEBUG [main] devpinoyLogger 93 - Envirnoment Initilization Finished ......
01-04-2018 20:29:04 TestBase.java DEBUG [main] devpinoyLogger 95 - Launching Web URL
01-04-2018 20:29:04 WebDriverEventListener.java DEBUG [main] devpinoyLogger 83 - Navigating To URL : https://www.freecrm.com/index.html
01-04-2018 20:29:17 TestBase.java DEBUG [main] devpinoyLogger 40 - Initializing Constructor Of The Base Class 
01-04-2018 20:29:17 TestBase.java DEBUG [main] devpinoyLogger 100 - Getting Web Driver Instance
01-04-2018 20:29:17 LoginPageTest.java DEBUG [main] devpinoyLogger 55 - After Methods ends ...
01-04-2018 20:29:17 LoginPageTest.java DEBUG [main] devpinoyLogger 29 - Before Method Starts ....
01-04-2018 20:29:17 TestBase.java DEBUG [main] devpinoyLogger 59 - Envirnoment Initilization ......
01-04-2018 20:29:17 TestBase.java DEBUG [main] devpinoyLogger 60 - Initializing Web Driver For Browser : chrome
01-04-2018 20:29:19 TestBase.java DEBUG [main] devpinoyLogger 40 - Initializing Constructor Of The Base Class 
01-04-2018 20:29:19 TestBase.java DEBUG [main] devpinoyLogger 87 - Registering the Event Firing Web Driver with the Listener 
01-04-2018 20:29:19 TestBase.java DEBUG [main] devpinoyLogger 93 - Envirnoment Initilization Finished ......
01-04-2018 20:29:19 TestBase.java DEBUG [main] devpinoyLogger 95 - Launching Web URL
01-04-2018 20:29:19 WebDriverEventListener.java DEBUG [main] devpinoyLogger 83 - Navigating To URL : https://www.freecrm.com/index.html
01-04-2018 20:29:30 TestBase.java DEBUG [main] devpinoyLogger 40 - Initializing Constructor Of The Base Class 
01-04-2018 20:29:30 LoginPage.java DEBUG [main] devpinoyLogger 46 - Inside Login Method
01-04-2018 20:29:31 WebDriverEventListener.java DEBUG [main] devpinoyLogger 57 - Clicking on the Web Element : [[ChromeDriver: chrome on WIN8 (52973110075ca968b83b54f7df87e9c7)] -> xpath: //input[@type='submit']]
01-04-2018 20:29:43 TestBase.java DEBUG [main] devpinoyLogger 40 - Initializing Constructor Of The Base Class 
01-04-2018 20:29:43 TestBase.java DEBUG [main] devpinoyLogger 100 - Getting Web Driver Instance
01-04-2018 20:29:43 LoginPageTest.java DEBUG [main] devpinoyLogger 55 - After Methods ends ...
01-04-2018 20:29:44 LoginPageTest.java DEBUG [main] devpinoyLogger 29 - Before Method Starts ....
01-04-2018 20:29:44 TestBase.java DEBUG [main] devpinoyLogger 59 - Envirnoment Initilization ......
01-04-2018 20:29:44 TestBase.java DEBUG [main] devpinoyLogger 60 - Initializing Web Driver For Browser : IE
01-04-2018 20:30:10 TestBase.java DEBUG [main] devpinoyLogger 40 - Initializing Constructor Of The Base Class 
01-04-2018 20:30:10 TestBase.java DEBUG [main] devpinoyLogger 87 - Registering the Event Firing Web Driver with the Listener 
01-04-2018 20:30:10 TestBase.java DEBUG [main] devpinoyLogger 93 - Envirnoment Initilization Finished ......
01-04-2018 20:30:10 TestBase.java DEBUG [main] devpinoyLogger 95 - Launching Web URL
01-04-2018 20:30:10 WebDriverEventListener.java DEBUG [main] devpinoyLogger 83 - Navigating To URL : https://www.freecrm.com/index.html
01-04-2018 20:30:24 TestBase.java DEBUG [main] devpinoyLogger 40 - Initializing Constructor Of The Base Class 
01-04-2018 20:30:24 LoginPageTest.java DEBUG [main] devpinoyLogger 29 - Before Method Starts ....
01-04-2018 20:30:24 TestBase.java DEBUG [main] devpinoyLogger 59 - Envirnoment Initilization ......
01-04-2018 20:30:24 TestBase.java DEBUG [main] devpinoyLogger 60 - Initializing Web Driver For Browser : IE
01-04-2018 20:30:33 TestBase.java DEBUG [main] devpinoyLogger 40 - Initializing Constructor Of The Base Class 
01-04-2018 20:30:33 TestBase.java DEBUG [main] devpinoyLogger 87 - Registering the Event Firing Web Driver with the Listener 
01-04-2018 20:30:33 TestBase.java DEBUG [main] devpinoyLogger 93 - Envirnoment Initilization Finished ......
01-04-2018 20:30:33 TestBase.java DEBUG [main] devpinoyLogger 95 - Launching Web URL
01-04-2018 20:30:33 WebDriverEventListener.java DEBUG [main] devpinoyLogger 83 - Navigating To URL : https://www.freecrm.com/index.html
01-04-2018 20:30:39 TestBase.java DEBUG [main] devpinoyLogger 40 - Initializing Constructor Of The Base Class 
01-04-2018 20:30:39 TestBase.java DEBUG [main] devpinoyLogger 100 - Getting Web Driver Instance
01-04-2018 20:30:39 LoginPageTest.java DEBUG [main] devpinoyLogger 55 - After Methods ends ...
01-04-2018 20:30:39 LoginPageTest.java DEBUG [main] devpinoyLogger 29 - Before Method Starts ....
01-04-2018 20:30:39 TestBase.java DEBUG [main] devpinoyLogger 59 - Envirnoment Initilization ......
01-04-2018 20:30:39 TestBase.java DEBUG [main] devpinoyLogger 60 - Initializing Web Driver For Browser : IE
01-04-2018 20:30:47 TestBase.java DEBUG [main] devpinoyLogger 40 - Initializing Constructor Of The Base Class 
01-04-2018 20:30:47 TestBase.java DEBUG [main] devpinoyLogger 87 - Registering the Event Firing Web Driver with the Listener 
01-04-2018 20:30:48 TestBase.java DEBUG [main] devpinoyLogger 93 - Envirnoment Initilization Finished ......
01-04-2018 20:30:48 TestBase.java DEBUG [main] devpinoyLogger 95 - Launching Web URL
01-04-2018 20:30:48 WebDriverEventListener.java DEBUG [main] devpinoyLogger 83 - Navigating To URL : https://www.freecrm.com/index.html
01-04-2018 20:30:57 TestBase.java DEBUG [main] devpinoyLogger 40 - Initializing Constructor Of The Base Class 
01-04-2018 20:30:58 TestBase.java DEBUG [main] devpinoyLogger 100 - Getting Web Driver Instance
01-04-2018 20:30:58 LoginPageTest.java DEBUG [main] devpinoyLogger 55 - After Methods ends ...
01-04-2018 20:30:58 LoginPageTest.java DEBUG [main] devpinoyLogger 29 - Before Method Starts ....
01-04-2018 20:30:58 TestBase.java DEBUG [main] devpinoyLogger 59 - Envirnoment Initilization ......
01-04-2018 20:30:58 TestBase.java DEBUG [main] devpinoyLogger 60 - Initializing Web Driver For Browser : IE
01-04-2018 20:31:07 TestBase.java DEBUG [main] devpinoyLogger 40 - Initializing Constructor Of The Base Class 
01-04-2018 20:31:07 TestBase.java DEBUG [main] devpinoyLogger 87 - Registering the Event Firing Web Driver with the Listener 
01-04-2018 20:31:07 TestBase.java DEBUG [main] devpinoyLogger 93 - Envirnoment Initilization Finished ......
01-04-2018 20:31:07 TestBase.java DEBUG [main] devpinoyLogger 95 - Launching Web URL
01-04-2018 20:31:07 WebDriverEventListener.java DEBUG [main] devpinoyLogger 83 - Navigating To URL : https://www.freecrm.com/index.html
01-04-2018 20:31:18 TestBase.java DEBUG [main] devpinoyLogger 40 - Initializing Constructor Of The Base Class 
01-04-2018 20:31:18 LoginPage.java DEBUG [main] devpinoyLogger 46 - Inside Login Method
01-04-2018 20:31:25 WebDriverEventListener.java DEBUG [main] devpinoyLogger 57 - Clicking on the Web Element : [[InternetExplorerDriver: internet explorer on WINDOWS (e52b796d-a5a1-45c4-be98-e1b3bc6dbee9)] -> xpath: //input[@type='submit']]
01-04-2018 20:31:27 TestBase.java DEBUG [main] devpinoyLogger 40 - Initializing Constructor Of The Base Class 
01-04-2018 20:31:36 TestBase.java DEBUG [main] devpinoyLogger 100 - Getting Web Driver Instance
01-04-2018 20:31:36 LoginPageTest.java DEBUG [main] devpinoyLogger 55 - After Methods ends ...
01-04-2018 20:31:36 LoginPageTest.java DEBUG [main] devpinoyLogger 29 - Before Method Starts ....
01-04-2018 20:31:36 TestBase.java DEBUG [main] devpinoyLogger 59 - Envirnoment Initilization ......
01-04-2018 20:31:36 TestBase.java DEBUG [main] devpinoyLogger 60 - Initializing Web Driver For Browser : opera
01-04-2018 20:32:16 TestBase.java DEBUG [main] devpinoyLogger 40 - Initializing Constructor Of The Base Class 
01-04-2018 20:32:16 TestBase.java DEBUG [main] devpinoyLogger 87 - Registering the Event Firing Web Driver with the Listener 
01-04-2018 20:32:16 TestBase.java DEBUG [main] devpinoyLogger 93 - Envirnoment Initilization Finished ......
01-04-2018 20:32:16 TestBase.java DEBUG [main] devpinoyLogger 95 - Launching Web URL
01-04-2018 20:32:16 WebDriverEventListener.java DEBUG [main] devpinoyLogger 83 - Navigating To URL : https://www.freecrm.com/index.html
01-04-2018 20:32:42 TestBase.java DEBUG [main] devpinoyLogger 40 - Initializing Constructor Of The Base Class 
01-04-2018 20:32:42 LoginPageTest.java DEBUG [main] devpinoyLogger 29 - Before Method Starts ....
01-04-2018 20:32:42 TestBase.java DEBUG [main] devpinoyLogger 59 - Envirnoment Initilization ......
01-04-2018 20:32:42 TestBase.java DEBUG [main] devpinoyLogger 60 - Initializing Web Driver For Browser : opera
01-04-2018 20:32:50 TestBase.java DEBUG [main] devpinoyLogger 40 - Initializing Constructor Of The Base Class 
01-04-2018 20:32:50 TestBase.java DEBUG [main] devpinoyLogger 87 - Registering the Event Firing Web Driver with the Listener 
01-04-2018 20:32:50 TestBase.java DEBUG [main] devpinoyLogger 93 - Envirnoment Initilization Finished ......
01-04-2018 20:32:50 TestBase.java DEBUG [main] devpinoyLogger 95 - Launching Web URL
01-04-2018 20:32:50 WebDriverEventListener.java DEBUG [main] devpinoyLogger 83 - Navigating To URL : https://www.freecrm.com/index.html
01-04-2018 20:33:14 TestBase.java DEBUG [main] devpinoyLogger 40 - Initializing Constructor Of The Base Class 
01-04-2018 20:33:19 TestBase.java DEBUG [main] devpinoyLogger 100 - Getting Web Driver Instance
01-04-2018 20:33:19 LoginPageTest.java DEBUG [main] devpinoyLogger 55 - After Methods ends ...
01-04-2018 20:33:19 LoginPageTest.java DEBUG [main] devpinoyLogger 29 - Before Method Starts ....
01-04-2018 20:33:19 TestBase.java DEBUG [main] devpinoyLogger 59 - Envirnoment Initilization ......
01-04-2018 20:33:19 TestBase.java DEBUG [main] devpinoyLogger 60 - Initializing Web Driver For Browser : opera
01-04-2018 20:33:40 TestBase.java DEBUG [main] devpinoyLogger 40 - Initializing Constructor Of The Base Class 
01-04-2018 20:33:40 TestBase.java DEBUG [main] devpinoyLogger 87 - Registering the Event Firing Web Driver with the Listener 
01-04-2018 20:33:40 TestBase.java DEBUG [main] devpinoyLogger 93 - Envirnoment Initilization Finished ......
01-04-2018 20:33:40 TestBase.java DEBUG [main] devpinoyLogger 95 - Launching Web URL
01-04-2018 20:33:40 WebDriverEventListener.java DEBUG [main] devpinoyLogger 83 - Navigating To URL : https://www.freecrm.com/index.html
01-04-2018 20:34:09 TestBase.java DEBUG [main] devpinoyLogger 40 - Initializing Constructor Of The Base Class 
01-04-2018 20:34:12 TestBase.java DEBUG [main] devpinoyLogger 100 - Getting Web Driver Instance
01-04-2018 20:34:12 LoginPageTest.java DEBUG [main] devpinoyLogger 55 - After Methods ends ...
01-04-2018 20:34:12 LoginPageTest.java DEBUG [main] devpinoyLogger 29 - Before Method Starts ....
01-04-2018 20:34:12 TestBase.java DEBUG [main] devpinoyLogger 59 - Envirnoment Initilization ......
01-04-2018 20:34:12 TestBase.java DEBUG [main] devpinoyLogger 60 - Initializing Web Driver For Browser : opera
01-04-2018 20:34:30 TestBase.java DEBUG [main] devpinoyLogger 40 - Initializing Constructor Of The Base Class 
01-04-2018 20:34:30 TestBase.java DEBUG [main] devpinoyLogger 87 - Registering the Event Firing Web Driver with the Listener 
01-04-2018 20:34:30 TestBase.java DEBUG [main] devpinoyLogger 93 - Envirnoment Initilization Finished ......
01-04-2018 20:34:30 TestBase.java DEBUG [main] devpinoyLogger 95 - Launching Web URL
01-04-2018 20:34:30 WebDriverEventListener.java DEBUG [main] devpinoyLogger 83 - Navigating To URL : https://www.freecrm.com/index.html
01-04-2018 20:34:51 TestBase.java DEBUG [main] devpinoyLogger 40 - Initializing Constructor Of The Base Class 
01-04-2018 20:34:51 LoginPage.java DEBUG [main] devpinoyLogger 46 - Inside Login Method
01-04-2018 20:35:01 WebDriverEventListener.java DEBUG [main] devpinoyLogger 57 - Clicking on the Web Element : [[OperaDriver: chrome on WIN8 (f4ea8f9e113efc2a02624f0beaee7b12)] -> xpath: //input[@type='submit']]
01-04-2018 20:35:33 TestBase.java DEBUG [main] devpinoyLogger 40 - Initializing Constructor Of The Base Class 
01-04-2018 20:35:34 TestBase.java DEBUG [main] devpinoyLogger 100 - Getting Web Driver Instance
01-04-2018 20:35:34 LoginPageTest.java DEBUG [main] devpinoyLogger 55 - After Methods ends ...
01-04-2018 20:35:36 LoginPageTest.java DEBUG [main] devpinoyLogger 29 - Before Method Starts ....
01-04-2018 20:35:36 TestBase.java DEBUG [main] devpinoyLogger 59 - Envirnoment Initilization ......
01-04-2018 20:35:36 TestBase.java DEBUG [main] devpinoyLogger 60 - Initializing Web Driver For Browser : phantom
01-04-2018 20:35:41 TestBase.java DEBUG [main] devpinoyLogger 40 - Initializing Constructor Of The Base Class 
01-04-2018 20:35:41 TestBase.java DEBUG [main] devpinoyLogger 87 - Registering the Event Firing Web Driver with the Listener 
01-04-2018 20:35:41 TestBase.java DEBUG [main] devpinoyLogger 93 - Envirnoment Initilization Finished ......
01-04-2018 20:35:41 TestBase.java DEBUG [main] devpinoyLogger 95 - Launching Web URL
01-04-2018 20:35:41 WebDriverEventListener.java DEBUG [main] devpinoyLogger 83 - Navigating To URL : https://www.freecrm.com/index.html
01-04-2018 20:35:58 TestBase.java DEBUG [main] devpinoyLogger 40 - Initializing Constructor Of The Base Class 
01-04-2018 20:35:58 LoginPageTest.java DEBUG [main] devpinoyLogger 29 - Before Method Starts ....
01-04-2018 20:35:58 TestBase.java DEBUG [main] devpinoyLogger 59 - Envirnoment Initilization ......
01-04-2018 20:35:58 TestBase.java DEBUG [main] devpinoyLogger 60 - Initializing Web Driver For Browser : phantom
01-04-2018 20:36:03 TestBase.java DEBUG [main] devpinoyLogger 40 - Initializing Constructor Of The Base Class 
01-04-2018 20:36:03 TestBase.java DEBUG [main] devpinoyLogger 87 - Registering the Event Firing Web Driver with the Listener 
01-04-2018 20:36:03 TestBase.java DEBUG [main] devpinoyLogger 93 - Envirnoment Initilization Finished ......
01-04-2018 20:36:03 TestBase.java DEBUG [main] devpinoyLogger 95 - Launching Web URL
01-04-2018 20:36:03 WebDriverEventListener.java DEBUG [main] devpinoyLogger 83 - Navigating To URL : https://www.freecrm.com/index.html
01-04-2018 20:36:18 TestBase.java DEBUG [main] devpinoyLogger 40 - Initializing Constructor Of The Base Class 
01-04-2018 20:36:19 TestBase.java DEBUG [main] devpinoyLogger 100 - Getting Web Driver Instance
01-04-2018 20:36:19 LoginPageTest.java DEBUG [main] devpinoyLogger 55 - After Methods ends ...
01-04-2018 20:36:19 LoginPageTest.java DEBUG [main] devpinoyLogger 29 - Before Method Starts ....
01-04-2018 20:36:19 TestBase.java DEBUG [main] devpinoyLogger 59 - Envirnoment Initilization ......
01-04-2018 20:36:19 TestBase.java DEBUG [main] devpinoyLogger 60 - Initializing Web Driver For Browser : phantom
01-04-2018 20:36:25 TestBase.java DEBUG [main] devpinoyLogger 40 - Initializing Constructor Of The Base Class 
01-04-2018 20:36:25 TestBase.java DEBUG [main] devpinoyLogger 87 - Registering the Event Firing Web Driver with the Listener 
01-04-2018 20:36:25 TestBase.java DEBUG [main] devpinoyLogger 93 - Envirnoment Initilization Finished ......
01-04-2018 20:36:25 TestBase.java DEBUG [main] devpinoyLogger 95 - Launching Web URL
01-04-2018 20:36:25 WebDriverEventListener.java DEBUG [main] devpinoyLogger 83 - Navigating To URL : https://www.freecrm.com/index.html
01-04-2018 20:36:53 TestBase.java DEBUG [main] devpinoyLogger 40 - Initializing Constructor Of The Base Class 
01-04-2018 20:36:53 TestBase.java DEBUG [main] devpinoyLogger 100 - Getting Web Driver Instance
01-04-2018 20:36:53 LoginPageTest.java DEBUG [main] devpinoyLogger 55 - After Methods ends ...
01-04-2018 20:36:53 LoginPageTest.java DEBUG [main] devpinoyLogger 29 - Before Method Starts ....
01-04-2018 20:36:53 TestBase.java DEBUG [main] devpinoyLogger 59 - Envirnoment Initilization ......
01-04-2018 20:36:53 TestBase.java DEBUG [main] devpinoyLogger 60 - Initializing Web Driver For Browser : phantom
01-04-2018 20:37:00 TestBase.java DEBUG [main] devpinoyLogger 40 - Initializing Constructor Of The Base Class 
01-04-2018 20:37:00 TestBase.java DEBUG [main] devpinoyLogger 87 - Registering the Event Firing Web Driver with the Listener 
01-04-2018 20:37:00 TestBase.java DEBUG [main] devpinoyLogger 93 - Envirnoment Initilization Finished ......
01-04-2018 20:37:00 TestBase.java DEBUG [main] devpinoyLogger 95 - Launching Web URL
01-04-2018 20:37:00 WebDriverEventListener.java DEBUG [main] devpinoyLogger 83 - Navigating To URL : https://www.freecrm.com/index.html
01-04-2018 20:37:19 TestBase.java DEBUG [main] devpinoyLogger 40 - Initializing Constructor Of The Base Class 
01-04-2018 20:37:19 LoginPage.java DEBUG [main] devpinoyLogger 46 - Inside Login Method
01-04-2018 20:37:20 WebDriverEventListener.java DEBUG [main] devpinoyLogger 57 - Clicking on the Web Element : [[PhantomJSDriver: phantomjs on XP (ea126d00-f160-11e7-ba14-1b2db09c875e)] -> xpath: //input[@type='submit']]
01-04-2018 20:37:49 TestBase.java DEBUG [main] devpinoyLogger 40 - Initializing Constructor Of The Base Class 
01-04-2018 20:37:49 TestBase.java DEBUG [main] devpinoyLogger 100 - Getting Web Driver Instance
01-04-2018 20:37:49 LoginPageTest.java DEBUG [main] devpinoyLogger 55 - After Methods ends ...
