1517912341788	addons.manager	DEBUG	Application has been upgraded
1517912341850	addons.manager	DEBUG	Loaded provider scope for resource://gre/modules/addons/XPIProvider.jsm: ["XPIProvider"]
1517912341853	addons.manager	DEBUG	Loaded provider scope for resource://gre/modules/LightweightThemeManager.jsm: ["LightweightThemeManager"]
1517912341860	addons.manager	DEBUG	Loaded provider scope for resource://gre/modules/addons/GMPProvider.jsm
1517912341863	addons.manager	DEBUG	Loaded provider scope for resource://gre/modules/addons/PluginProvider.jsm
1517912341864	addons.manager	DEBUG	Starting provider: XPIProvider
1517912341864	addons.xpi	DEBUG	startup
1517912341866	addons.xpi	INFO	Mapping fxdriver@googlecode.com to C:\Users\parth.c\AppData\Local\Temp\anonymous4202843853135749361webdriver-profile\extensions\fxdriver@googlecode.com
1517912341866	addons.xpi	DEBUG	Ignoring file entry whose name is not a valid add-on ID: C:\Users\parth.c\AppData\Local\Temp\anonymous4202843853135749361webdriver-profile\extensions\webdriver-staging
1517912341867	addons.xpi	INFO	SystemAddonInstallLocation directory is missing
1517912341868	addons.xpi	INFO	Mapping e10srollout@mozilla.org to C:\Program Files\Mozilla Firefox\browser\features\e10srollout@mozilla.org.xpi
1517912341869	addons.xpi	INFO	Mapping firefox@getpocket.com to C:\Program Files\Mozilla Firefox\browser\features\firefox@getpocket.com.xpi
1517912341869	addons.xpi	INFO	Mapping loop@mozilla.org to C:\Program Files\Mozilla Firefox\browser\features\loop@mozilla.org.xpi
1517912341874	addons.xpi	INFO	Mapping {972ce4c6-7e08-4474-a285-3208198ce6fd} to C:\Program Files\Mozilla Firefox\browser\extensions\{972ce4c6-7e08-4474-a285-3208198ce6fd}.xpi
1517912341875	addons.xpi	DEBUG	Skipping unavailable install location app-system-share
1517912341875	addons.xpi	DEBUG	Skipping unavailable install location app-system-local
1517912341876	addons.xpi	DEBUG	checkForChanges
1517912341878	addons.xpi	DEBUG	Loaded add-on state from prefs: {}
1517912341880	addons.xpi	DEBUG	New add-on fxdriver@googlecode.com in app-profile
1517912341880	addons.xpi	DEBUG	getModTime: Recursive scan of fxdriver@googlecode.com
1517912341886	addons.xpi	DEBUG	New add-on e10srollout@mozilla.org in app-system-defaults
1517912341886	addons.xpi	DEBUG	getModTime: Recursive scan of e10srollout@mozilla.org
1517912341890	addons.xpi	DEBUG	New add-on firefox@getpocket.com in app-system-defaults
1517912341890	addons.xpi	DEBUG	getModTime: Recursive scan of firefox@getpocket.com
1517912341891	addons.xpi	DEBUG	New add-on loop@mozilla.org in app-system-defaults
1517912341891	addons.xpi	DEBUG	getModTime: Recursive scan of loop@mozilla.org
1517912341893	addons.xpi	DEBUG	New add-on {972ce4c6-7e08-4474-a285-3208198ce6fd} in app-global
1517912341893	addons.xpi	DEBUG	getModTime: Recursive scan of {972ce4c6-7e08-4474-a285-3208198ce6fd}
1517912341893	addons.xpi	DEBUG	getInstallState changed: true, state: {"app-profile":{"fxdriver@googlecode.com":{"d":"C:\\Users\\parth.c\\AppData\\Local\\Temp\\anonymous4202843853135749361webdriver-profile\\extensions\\fxdriver@googlecode.com","st":1517912340858,"mt":1517912340730}},"app-system-defaults":{"e10srollout@mozilla.org":{"d":"C:\\Program Files\\Mozilla Firefox\\browser\\features\\e10srollout@mozilla.org.xpi","st":1461281498000},"firefox@getpocket.com":{"d":"C:\\Program Files\\Mozilla Firefox\\browser\\features\\firefox@getpocket.com.xpi","st":1461281498000},"loop@mozilla.org":{"d":"C:\\Program Files\\Mozilla Firefox\\browser\\features\\loop@mozilla.org.xpi","st":1461281498000}},"app-global":{"{972ce4c6-7e08-4474-a285-3208198ce6fd}":{"d":"C:\\Program Files\\Mozilla Firefox\\browser\\extensions\\{972ce4c6-7e08-4474-a285-3208198ce6fd}.xpi","st":1461281498000}}}
1517912341903	addons.xpi-utils	DEBUG	Opening XPI database C:\Users\parth.c\AppData\Local\Temp\anonymous4202843853135749361webdriver-profile\extensions.json
1517912341906	addons.xpi-utils	DEBUG	New add-on fxdriver@googlecode.com installed in app-profile
*** Blocklist::_loadBlocklistFromFile: blocklist is disabled
1517912341929	DeferredSave.extensions.json	DEBUG	Save changes
1517912341929	addons.xpi-utils	DEBUG	New add-on e10srollout@mozilla.org installed in app-system-defaults
1517912341933	DeferredSave.extensions.json	DEBUG	Starting timer
1517912341934	DeferredSave.extensions.json	DEBUG	Save changes
1517912341934	addons.xpi-utils	DEBUG	New add-on firefox@getpocket.com installed in app-system-defaults
1517912341942	DeferredSave.extensions.json	DEBUG	Save changes
1517912341944	addons.xpi-utils	DEBUG	New add-on loop@mozilla.org installed in app-system-defaults
1517912341992	DeferredSave.extensions.json	DEBUG	Save changes
1517912341993	addons.xpi-utils	DEBUG	New add-on {972ce4c6-7e08-4474-a285-3208198ce6fd} installed in app-global
1517912341998	DeferredSave.extensions.json	DEBUG	Starting write
1517912342010	DeferredSave.extensions.json	DEBUG	Save changes
1517912342010	DeferredSave.extensions.json	DEBUG	Data changed while write in progress
1517912342010	addons.xpi-utils	INFO	Hiding the updated system add-ons.
1517912342011	addons.manager	DEBUG	Registering startup change 'installed' for fxdriver@googlecode.com
1517912342011	addons.xpi-utils	DEBUG	Make addon app-profile:fxdriver@googlecode.com visible
1517912342011	DeferredSave.extensions.json	DEBUG	Save changes
1517912342019	addons.xpi	DEBUG	Loading bootstrap scope from C:\Program Files\Mozilla Firefox\browser\features\e10srollout@mozilla.org.xpi
1517912342034	addons.xpi	DEBUG	Calling bootstrap method install on e10srollout@mozilla.org version 1.0
1517912342035	addons.xpi-utils	DEBUG	Make addon app-system-defaults:e10srollout@mozilla.org visible
1517912342035	DeferredSave.extensions.json	DEBUG	Save changes
1517912342035	addons.xpi	DEBUG	Loading bootstrap scope from C:\Program Files\Mozilla Firefox\browser\features\firefox@getpocket.com.xpi
1517912342040	addons.xpi	DEBUG	Calling bootstrap method install on firefox@getpocket.com version 1.0
1517912342041	addons.xpi-utils	DEBUG	Make addon app-system-defaults:firefox@getpocket.com visible
1517912342041	DeferredSave.extensions.json	DEBUG	Save changes
1517912342041	addons.xpi	DEBUG	Loading bootstrap scope from C:\Program Files\Mozilla Firefox\browser\features\loop@mozilla.org.xpi
1517912342047	addons.xpi	DEBUG	Calling bootstrap method install on loop@mozilla.org version 1.2.6
1517912342047	addons.xpi-utils	DEBUG	Make addon app-system-defaults:loop@mozilla.org visible
1517912342048	DeferredSave.extensions.json	DEBUG	Save changes
1517912342048	addons.xpi-utils	DEBUG	Make addon app-global:{972ce4c6-7e08-4474-a285-3208198ce6fd} visible
1517912342048	DeferredSave.extensions.json	DEBUG	Save changes
1517912342048	addons.xpi	DEBUG	Updating XPIState for {"id":"fxdriver@googlecode.com","syncGUID":"Cp1GfBM5QLEw","location":"app-profile","version":"2.53.0","type":"extension","internalName":null,"updateURL":null,"updateKey":null,"optionsURL":null,"optionsType":null,"aboutURL":null,"icons":{},"iconURL":null,"icon64URL":null,"defaultLocale":{"name":"Firefox WebDriver","description":"WebDriver implementation for Firefox","creator":"Simon Stewart","homepageURL":null},"visible":true,"active":true,"userDisabled":false,"appDisabled":false,"descriptor":"C:\\Users\\parth.c\\AppData\\Local\\Temp\\anonymous4202843853135749361webdriver-profile\\extensions\\fxdriver@googlecode.com","installDate":1517912340858,"updateDate":1517912340858,"applyBackgroundUpdates":1,"bootstrap":false,"skinnable":false,"size":3249525,"sourceURI":null,"releaseNotesURI":null,"softDisabled":false,"foreignInstall":true,"hasBinaryComponents":true,"strictCompatibility":false,"locales":[],"targetApplications":[{"id":"{ec8030f7-c20a-464f-9b0e-13a3a9e97384}","minVersion":"3.0","maxVersion":"47.0"}],"targetPlatforms":[{"os":"Darwin","abi":null},{"os":"SunOS","abi":null},{"os":"FreeBSD","abi":null},{"os":"OpenBSD","abi":null},{"os":"WINNT","abi":null},{"os":"Linux","abi":null}],"multiprocessCompatible":false,"signedState":0,"seen":true}
1517912342049	addons.xpi	DEBUG	getModTime: Recursive scan of fxdriver@googlecode.com
1517912342052	addons.xpi	DEBUG	Updating XPIState for {"id":"e10srollout@mozilla.org","syncGUID":"RlRft56Bax7f","location":"app-system-defaults","version":"1.0","type":"extension","internalName":null,"updateURL":null,"updateKey":null,"optionsURL":null,"optionsType":null,"aboutURL":null,"icons":{},"iconURL":null,"icon64URL":null,"defaultLocale":{"name":"Multi-process staged rollout","description":"Staged rollout of Firefox multi-process feature.","creator":null,"homepageURL":null},"visible":true,"active":true,"userDisabled":false,"appDisabled":false,"descriptor":"C:\\Program Files\\Mozilla Firefox\\browser\\features\\e10srollout@mozilla.org.xpi","installDate":1461281498000,"updateDate":1461281498000,"applyBackgroundUpdates":1,"bootstrap":true,"skinnable":false,"size":4778,"sourceURI":null,"releaseNotesURI":null,"softDisabled":false,"foreignInstall":false,"hasBinaryComponents":false,"strictCompatibility":false,"locales":[],"targetApplications":[{"id":"{ec8030f7-c20a-464f-9b0e-13a3a9e97384}","minVersion":"46.0","maxVersion":"46.0"}],"targetPlatforms":[],"multiprocessCompatible":false,"seen":true}
1517912342053	addons.xpi	DEBUG	getModTime: Recursive scan of e10srollout@mozilla.org
1517912342054	addons.xpi	DEBUG	Updating XPIState for {"id":"firefox@getpocket.com","syncGUID":"coj-5Y8Tx5HT","location":"app-system-defaults","version":"1.0","type":"extension","internalName":null,"updateURL":null,"updateKey":null,"optionsURL":null,"optionsType":null,"aboutURL":null,"icons":{},"iconURL":null,"icon64URL":null,"defaultLocale":{"name":"Pocket","description":"When you find something you want to view later, put it in Pocket.","creator":null,"homepageURL":null},"visible":true,"active":true,"userDisabled":false,"appDisabled":false,"descriptor":"C:\\Program Files\\Mozilla Firefox\\browser\\features\\firefox@getpocket.com.xpi","installDate":1461281498000,"updateDate":1461281498000,"applyBackgroundUpdates":1,"bootstrap":true,"skinnable":false,"size":893211,"sourceURI":null,"releaseNotesURI":null,"softDisabled":false,"foreignInstall":false,"hasBinaryComponents":false,"strictCompatibility":false,"locales":[],"targetApplications":[{"id":"{ec8030f7-c20a-464f-9b0e-13a3a9e97384}","minVersion":"46.0","maxVersion":"46.0"}],"targetPlatforms":[],"multiprocessCompatible":false,"seen":true}
1517912342054	addons.xpi	DEBUG	getModTime: Recursive scan of firefox@getpocket.com
1517912342055	addons.xpi	DEBUG	Updating XPIState for {"id":"loop@mozilla.org","syncGUID":"zwRAZVIhWQh8","location":"app-system-defaults","version":"1.2.6","type":"extension","internalName":null,"updateURL":null,"updateKey":null,"optionsURL":null,"optionsType":null,"aboutURL":null,"icons":{},"iconURL":null,"icon64URL":null,"defaultLocale":{"name":"Firefox Hello","description":"Web sharing for Firefox","creator":"Mozilla","homepageURL":null},"visible":true,"active":true,"userDisabled":false,"appDisabled":false,"descriptor":"C:\\Program Files\\Mozilla Firefox\\browser\\features\\loop@mozilla.org.xpi","installDate":1461281498000,"updateDate":1461281498000,"applyBackgroundUpdates":1,"bootstrap":true,"skinnable":false,"size":4185303,"sourceURI":null,"releaseNotesURI":null,"softDisabled":false,"foreignInstall":false,"hasBinaryComponents":false,"strictCompatibility":false,"locales":[],"targetApplications":[{"id":"{ec8030f7-c20a-464f-9b0e-13a3a9e97384}","minVersion":"46.0a1","maxVersion":"46.*"},{"id":"xpcshell@tests.mozilla.org","minVersion":"0","maxVersion":"10"}],"targetPlatforms":[],"multiprocessCompatible":false,"seen":true}
1517912342055	addons.xpi	DEBUG	getModTime: Recursive scan of loop@mozilla.org
1517912342056	addons.xpi	DEBUG	Updating XPIState for {"id":"{972ce4c6-7e08-4474-a285-3208198ce6fd}","syncGUID":"9Kvly9LJJsqS","location":"app-global","version":"46.0","type":"theme","internalName":"classic/1.0","updateURL":null,"updateKey":null,"optionsURL":null,"optionsType":null,"aboutURL":null,"icons":{"32":"icon.png","48":"icon.png"},"iconURL":null,"icon64URL":null,"defaultLocale":{"name":"Default","description":"The default theme.","creator":"Mozilla","homepageURL":null,"contributors":["Mozilla Contributors"]},"visible":true,"active":true,"userDisabled":false,"appDisabled":false,"descriptor":"C:\\Program Files\\Mozilla Firefox\\browser\\extensions\\{972ce4c6-7e08-4474-a285-3208198ce6fd}.xpi","installDate":1461281498000,"updateDate":1461281498000,"applyBackgroundUpdates":1,"skinnable":true,"size":22006,"sourceURI":null,"releaseNotesURI":null,"softDisabled":false,"foreignInstall":false,"hasBinaryComponents":false,"strictCompatibility":true,"locales":[],"targetApplications":[{"id":"{ec8030f7-c20a-464f-9b0e-13a3a9e97384}","minVersion":"46.0","maxVersion":"46.0"}],"targetPlatforms":[],"seen":true}
1517912342056	addons.xpi	DEBUG	getModTime: Recursive scan of {972ce4c6-7e08-4474-a285-3208198ce6fd}
1517912342058	DeferredSave.extensions.json	DEBUG	Save changes
1517912342058	addons.xpi	DEBUG	Updating database with changes to installed add-ons
1517912342058	addons.xpi-utils	DEBUG	Updating add-on states
1517912342059	addons.xpi-utils	DEBUG	Writing add-ons list
1517912342062	addons.xpi	DEBUG	Registering manifest for C:\Program Files\Mozilla Firefox\browser\features\e10srollout@mozilla.org.xpi
1517912342063	addons.xpi	DEBUG	Calling bootstrap method startup on e10srollout@mozilla.org version 1.0
1517912342064	addons.xpi	DEBUG	Registering manifest for C:\Program Files\Mozilla Firefox\browser\features\firefox@getpocket.com.xpi
1517912342064	addons.xpi	DEBUG	Calling bootstrap method startup on firefox@getpocket.com version 1.0
1517912342066	addons.xpi	DEBUG	Registering manifest for C:\Program Files\Mozilla Firefox\browser\features\loop@mozilla.org.xpi
1517912342067	addons.xpi	DEBUG	Calling bootstrap method startup on loop@mozilla.org version 1.2.6
1517912342090	addons.manager	DEBUG	Registering shutdown blocker for XPIProvider
1517912342090	addons.manager	DEBUG	Provider finished startup: XPIProvider
1517912342091	addons.manager	DEBUG	Starting provider: LightweightThemeManager
1517912342091	addons.manager	DEBUG	Registering shutdown blocker for LightweightThemeManager
1517912342091	addons.manager	DEBUG	Provider finished startup: LightweightThemeManager
1517912342092	addons.manager	DEBUG	Starting provider: GMPProvider
1517912342100	addons.manager	DEBUG	Registering shutdown blocker for GMPProvider
1517912342100	addons.manager	DEBUG	Provider finished startup: GMPProvider
1517912342100	addons.manager	DEBUG	Starting provider: PluginProvider
1517912342101	addons.manager	DEBUG	Registering shutdown blocker for PluginProvider
1517912342101	addons.manager	DEBUG	Provider finished startup: PluginProvider
1517912342101	addons.manager	DEBUG	Completed startup sequence
1517912342512	addons.manager	DEBUG	Starting provider: <unnamed-provider>
1517912342513	addons.manager	DEBUG	Registering shutdown blocker for <unnamed-provider>
1517912342513	addons.manager	DEBUG	Provider finished startup: <unnamed-provider>
1517912342892	DeferredSave.extensions.json	DEBUG	Write succeeded
1517912342892	addons.xpi-utils	DEBUG	XPI Database saved, setting schema version preference to 17
1517912342892	DeferredSave.extensions.json	DEBUG	Starting timer
1517912342918	DeferredSave.extensions.json	DEBUG	Starting write
1517912342923	addons.repository	DEBUG	No addons.json found.
1517912342923	DeferredSave.addons.json	DEBUG	Save changes
1517912342927	DeferredSave.addons.json	DEBUG	Starting timer
1517912342951	addons.manager	DEBUG	Starting provider: PreviousExperimentProvider
1517912342951	addons.manager	DEBUG	Registering shutdown blocker for PreviousExperimentProvider
1517912342955	addons.manager	DEBUG	Provider finished startup: PreviousExperimentProvider
1517912342974	DeferredSave.extensions.json	DEBUG	Write succeeded
1517912342997	DeferredSave.addons.json	DEBUG	Starting write
1517912343028	DeferredSave.addons.json	DEBUG	Write succeeded
JavaScript warning: https://js.intercomcdn.com/frame.899141b6.js, line 1: mutating the [[Prototype]] of an object will cause your code to run very slowly; instead create the object with the correct initial [[Prototype]] value using Object.create
1517912405425	addons.productaddons	INFO	sending request to: https://aus5.mozilla.org/update/3/GMP/46.0/20160421124000/WINNT_x86_64-msvc-x64/en-US/release/Windows_NT%206.2.0.0%20(x64)/default/default/update.xml
1517912408563	addons.productaddons	INFO	Completed downloading document
1517912408696	addons.productaddons	INFO	Downloading from https://cdmdownload.adobe.com/firefox/win/x64/primetime_gmp_win_x64_gmc_40673.zip to C:\Users\parth.c\AppData\Local\Temp\tmpaddon-10
1517912410277	addons.xpi	DEBUG	Calling bootstrap method shutdown on e10srollout@mozilla.org version 1.0
1517912410278	addons.xpi	DEBUG	Calling bootstrap method shutdown on firefox@getpocket.com version 1.0
1517912410282	addons.xpi	DEBUG	Calling bootstrap method shutdown on loop@mozilla.org version 1.2.6
1517912410463	addons.productaddons	WARN	File download failed: 0x80004004
1517912410479	addons.productaddons	INFO	Downloading from http://ciscobinary.openh264.org/openh264-win64-0410d336bb748149a4f560eb6108090f078254b1.zip to C:\Users\parth.c\AppData\Local\Temp\tmpaddon-10
1517912410517	addons.productaddons	WARN	File download failed: 0x80040111
1517912410771	addons.manager	DEBUG	shutdown
1517912410775	addons.manager	DEBUG	CaJavaScript error: chrome://browser/content/browser.js, line 6893: uncaught exception: [object Object]
JavaScript error: chrome://browser/content/browser.js, line 6893: NS_ERROR_XPC_JS_THREW_JS_OBJECT: [object Object]'[object Object]' when calling method: [nsICertOverrideService::hasMatchingOverride]
JavaScript error: , line 0: uncaught exception: [object Object]
JavaScript error: , line 0: uncaught exception: [object Object]
JavaScript error: , line 0: uncaught exception: [object Object]
console.error: 
  Could not write session state file 
  Message: Win error 3 during operation open on file C:\Users\parth.c\AppData\Local\Temp\anonymous5897296691241359522webdriver-profile\sessionstore-backups\recovery.js.tmp (The system cannot find the path specified.
)
  
JavaScript error: chrome://browser/content/browser.js, line 6893: uncaught exception: [object Object]
JavaScript error: chrome://browser/content/browser.js, line 6893: NS_ERROR_XPC_JS_THREW_JS_OBJECT: [object Object]'[object Object]' when calling method: [nsICertOverrideService::hasMatchingOverride]
JavaScript error: , line 0: uncaught exception: [object Object]
JavaScript error: chrome://browser/content/browser.js, line 6893: uncaught exception: [object Object]
JavaScript error: chrome://browser/content/browser.js, line 6893: NS_ERROR_XPC_JS_THREW_JS_OBJECT: [object Object]'[object Object]' when calling method: [nsICertOverrideService::hasMatchingOverride]
JavaScript error: , line 0: uncaught exception: [object Object]
JavaScript error: , line 0: uncaught exception: [object Object]
JavaScript error: , line 0: uncaught exception: [object Object]
JavaScript error: , line 0: uncaught exception: [object Object]
JavaScript error: , line 0: uncaught exception: [object Object]
JavaScript error: , line 0: uncaught exception: [object Object]
JavaScript error: , line 0: uncaught exception: [object Object]
JavaScript error: , line 0: uncaught exception: [object Object]
JavaScript error: , line 0: uncaught exception: [object Object]
JavaScript error: , line 0: uncaught exception: [object Object]
JavaScript error: , line 0: uncaught exception: [object Object]
JavaScript error: , line 0: uncaught exception: [object Object]
JavaScript error: , line 0: uncaught exception: [object Object]
JavaScript error: , line 0: uncaught exception: [object Object]
JavaScript error: , line 0: uncaught exception: [object Object]
JavaScript error: , line 0: uncaught exception: [object Object]
JavaScript error: , line 0: uncaught exception: [object Object]
JavaScript error: , line 0: uncaught exception: [object Object]
JavaScript error: , line 0: uncaught exception: [object Object]
JavaScript error: , line 0: uncaught exception: [object Object]
JavaScript error: , line 0: uncaught exception: [object Object]
