I 2017-12-27 14:59:36:996 server.cc(86) Starting WebDriver server on port: '18250' on host: ''
I 2017-12-27 14:59:36:997 IEServer.cpp(32) Driver version: 2.53.0.0 (32-bit)
W 2017-12-27 14:59:37:340 c:\projects\webdriver\cpp\iedriver\CommandHandlers/NewSessionCommandHandler.h(180) Invalid capability setting: elementScrollBehavior is type boolean instead of number. Default value will be used: 0

W 2017-12-27 14:59:37:340 c:\projects\webdriver\cpp\iedriver\CommandHandlers/NewSessionCommandHandler.h(180) Invalid capability setting: pageLoadStrategy is type boolean instead of string. Default value will be used: "normal"

I 2017-12-27 14:59:41:995 IECommandExecutor.cpp(678) Persistent hovering set to: 0
I 2017-12-27 14:59:41:995 IECommandExecutor.cpp(680) Stopping previously-running persistent event thread.
I 2017-12-27 14:59:42:015 Browser.cpp(124) No child frame focus. Focus is on top-level frame
I 2017-12-27 14:59:49:726 Browser.cpp(124) No child frame focus. Focus is on top-level frame
I 2017-12-27 14:59:49:822 VariantUtilities.cpp(179) Unknown type of dispatch is found in result, assuming IHTMLElement
I 2017-12-27 14:59:49:866 Browser.cpp(124) No child frame focus. Focus is on top-level frame
I 2017-12-27 14:59:50:423 Browser.cpp(124) No child frame focus. Focus is on top-level frame
I 2017-12-27 14:59:50:503 VariantUtilities.cpp(179) Unknown type of dispatch is found in result, assuming IHTMLElement
I 2017-12-27 14:59:50:545 Browser.cpp(124) No child frame focus. Focus is on top-level frame
I 2017-12-27 14:59:50:957 Browser.cpp(124) No child frame focus. Focus is on top-level frame
I 2017-12-27 14:59:51:023 VariantUtilities.cpp(179) Unknown type of dispatch is found in result, assuming IHTMLElement
I 2017-12-27 14:59:51:065 Browser.cpp(124) No child frame focus. Focus is on top-level frame
I 2017-12-27 14:59:51:140 Browser.cpp(124) No child frame focus. Focus is on top-level frame
I 2017-12-27 14:59:51:218 VariantUtilities.cpp(179) Unknown type of dispatch is found in result, assuming IHTMLElement
I 2017-12-27 14:59:51:237 Browser.cpp(124) No child frame focus. Focus is on top-level frame
I 2017-12-27 14:59:51:323 Browser.cpp(124) No child frame focus. Focus is on top-level frame
I 2017-12-27 14:59:51:399 VariantUtilities.cpp(179) Unknown type of dispatch is found in result, assuming IHTMLElement
I 2017-12-27 14:59:51:417 Browser.cpp(124) No child frame focus. Focus is on top-level frame
I 2017-12-27 14:59:51:886 Browser.cpp(124) No child frame focus. Focus is on top-level frame
I 2017-12-27 14:59:52:743 Browser.cpp(124) No child frame focus. Focus is on top-level frame
I 2017-12-27 14:59:53:248 Browser.cpp(124) No child frame focus. Focus is on top-level frame
I 2017-12-27 14:59:53:361 VariantUtilities.cpp(179) Unknown type of dispatch is found in result, assuming IHTMLElement
I 2017-12-27 14:59:53:398 Browser.cpp(124) No child frame focus. Focus is on top-level frame
I 2017-12-27 15:00:00:282 VariantUtilities.cpp(179) Unknown type of dispatch is found in result, assuming IHTMLElement
